<?xml version="1.0" encoding="UTF-8"?>
<testng-results ignored="0" total="1" passed="1" failed="0" skipped="0">
  <reporter-output>
  </reporter-output>
  <suite started-at="2024-11-05T10:41:34 IST" name="Suite" finished-at="2024-11-05T10:42:17 IST" duration-ms="42670">
    <groups>
    </groups>
    <test started-at="2024-11-05T10:41:34 IST" name="Test" finished-at="2024-11-05T10:42:17 IST" duration-ms="42670">
      <class name="testcases.TC_003_Task">
        <test-method is-config="true" signature="openApplication(java.lang.String,java.lang.String)[pri:0, instance:testcases.TC_003_Task@55141def]" started-at="2024-11-05T10:41:35 IST" name="openApplication" finished-at="2024-11-05T10:41:44 IST" duration-ms="9400" status="PASS">
          <params>
            <param index="0">
              <value>
                <![CDATA[chrome]]>
              </value>
            </param>
            <param index="1">
              <value>
                <![CDATA[https://magento.softwaretestingboard.com/customer/account//]]>
              </value>
            </param>
          </params>
          <reporter-output>
          </reporter-output>
        </test-method> <!-- openApplication -->
        <test-method signature="Testfun()[pri:0, instance:testcases.TC_003_Task@55141def]" started-at="2024-11-05T10:41:44 IST" name="Testfun" finished-at="2024-11-05T10:42:17 IST" duration-ms="32525" status="PASS">
          <reporter-output>
          </reporter-output>
        </test-method> <!-- Testfun -->
      </class> <!-- testcases.TC_003_Task -->
    </test> <!-- Test -->
  </suite> <!-- Suite -->
</testng-results>
